<?xml version="1.0" encoding="UTF-8"?>
<!-- Generated by org.testng.reporters.JUnitReportReporter -->
<testsuite hostname="DESKTOP-C3TMS4L" failures="0" tests="1" name="testCases.TC004_SearchProduct" time="11.254" errors="0" timestamp="2024-10-18T10:22:44 IST" skipped="0">
  <testcase classname="testCases.TC004_SearchProduct" name="verify_Search_Product" time="11.254"/>
</testsuite> <!-- testCases.TC004_SearchProduct -->
