<?xml version="1.0" encoding="UTF-8"?>
<!-- Generated by org.testng.reporters.JUnitReportReporter -->
<testsuite hostname="DESKTOP-C3TMS4L" failures="0" tests="1" name="testCases.TC001_AccountRegistration" time="2.763" errors="0" timestamp="2024-10-17T13:38:46 IST" skipped="0">
  <testcase classname="testCases.TC001_AccountRegistration" name="verify_Account_Registration" time="2.763"/>
</testsuite> <!-- testCases.TC001_AccountRegistration -->
