<?xml version="1.0" encoding="UTF-8"?>
<!-- Generated by org.testng.reporters.JUnitReportReporter -->
<testsuite hostname="DESKTOP-C3TMS4L" failures="0" tests="1" name="testCases.TC002_LoginTest" time="1.734" errors="0" timestamp="2024-10-17T13:38:46 IST" skipped="0">
  <testcase classname="testCases.TC002_LoginTest" name="verify_Login" time="1.734"/>
</testsuite> <!-- testCases.TC002_LoginTest -->
